<?xml version="1.0" encoding="UTF-8" ?>
<testsuite errors="1" failures="2" hostname="PauloCésar" name="submitleda.AdminControllerSpec" skipped="0" tests="7" time="14.108" timestamp="2016-03-29T04:14:21">
  <properties />
  <testcase classname="submitleda.AdminControllerSpec" name="Test the index action returns the correct model" time="11.938" />
  <testcase classname="submitleda.AdminControllerSpec" name="Test the create action returns the correct model" time="0.318" />
  <testcase classname="submitleda.AdminControllerSpec" name="Test the save action correctly persists an instance" time="0.51">
    <failure message="Condition not satisfied:&#xa;&#xa;response.redirectedUrl == &apos;/admin/show/1&apos;&#xa;|        |             |&#xa;|        null          false&#xa;org.codehaus.groovy.grails.plugins.testing.GrailsMockHttpServletResponse@29147c12&#xa;" type="junit.framework.AssertionFailedError">junit.framework.AssertionFailedError: Condition not satisfied:

response.redirectedUrl == &apos;/admin/show/1&apos;
|        |             |
|        null          false
org.codehaus.groovy.grails.plugins.testing.GrailsMockHttpServletResponse@29147c12

	at submitleda.AdminControllerSpec.Test the save action correctly persists an instance(AdminControllerSpec.groovy:57)
</failure>
  </testcase>
  <testcase classname="submitleda.AdminControllerSpec" name="Test that the show action returns the correct model" time="0.114" />
  <testcase classname="submitleda.AdminControllerSpec" name="Test that the edit action returns the correct model" time="0.128" />
  <testcase classname="submitleda.AdminControllerSpec" name="Test the update action performs an update on a valid domain instance" time="0.797">
    <error message="Cannot get property &apos;id&apos; on null object" type="java.lang.NullPointerException">java.lang.NullPointerException: Cannot get property &apos;id&apos; on null object
	at submitleda.AdminControllerSpec.Test the update action performs an update on a valid domain instance(AdminControllerSpec.groovy:122)
</error>
  </testcase>
  <testcase classname="submitleda.AdminControllerSpec" name="Test that the delete action deletes an instance if it exists" time="0.126">
    <failure message="Condition not satisfied:&#xa;&#xa;Admin.count() == 1&#xa;      |       |&#xa;      0       false&#xa;" type="junit.framework.AssertionFailedError">junit.framework.AssertionFailedError: Condition not satisfied:

Admin.count() == 1
      |       |
      0       false

	at submitleda.AdminControllerSpec.Test that the delete action deletes an instance if it exists(AdminControllerSpec.groovy:142)
</failure>
  </testcase>
  <system-out><![CDATA[--Output from Test the index action returns the correct model--
--Output from Test the create action returns the correct model--
--Output from Test the save action correctly persists an instance--
--Output from Test that the show action returns the correct model--
--Output from Test that the edit action returns the correct model--
--Output from Test the update action performs an update on a valid domain instance--
--Output from Test that the delete action deletes an instance if it exists--
]]></system-out>
  <system-err><![CDATA[--Output from Test the index action returns the correct model--
--Output from Test the create action returns the correct model--
--Output from Test the save action correctly persists an instance--
--Output from Test that the show action returns the correct model--
--Output from Test that the edit action returns the correct model--
--Output from Test the update action performs an update on a valid domain instance--
--Output from Test that the delete action deletes an instance if it exists--
]]></system-err>
</testsuite>
