<?xml version="1.0" encoding="UTF-8" ?>
<testsuite errors="1" failures="2" hostname="PauloCésar" name="submitleda.AlunoControllerSpec" skipped="0" tests="7" time="2.631" timestamp="2016-03-29T04:14:35">
  <properties />
  <testcase classname="submitleda.AlunoControllerSpec" name="Test the index action returns the correct model" time="1.328" />
  <testcase classname="submitleda.AlunoControllerSpec" name="Test the create action returns the correct model" time="0.227" />
  <testcase classname="submitleda.AlunoControllerSpec" name="Test the save action correctly persists an instance" time="0.178">
    <failure message="Condition not satisfied:&#xa;&#xa;response.redirectedUrl == &apos;/aluno/show/1&apos;&#xa;|        |             |&#xa;|        null          false&#xa;org.codehaus.groovy.grails.plugins.testing.GrailsMockHttpServletResponse@405d8a80&#xa;" type="junit.framework.AssertionFailedError">junit.framework.AssertionFailedError: Condition not satisfied:

response.redirectedUrl == &apos;/aluno/show/1&apos;
|        |             |
|        null          false
org.codehaus.groovy.grails.plugins.testing.GrailsMockHttpServletResponse@405d8a80

	at submitleda.AlunoControllerSpec.Test the save action correctly persists an instance(AlunoControllerSpec.groovy:57)
</failure>
  </testcase>
  <testcase classname="submitleda.AlunoControllerSpec" name="Test that the show action returns the correct model" time="0.203" />
  <testcase classname="submitleda.AlunoControllerSpec" name="Test that the edit action returns the correct model" time="0.129" />
  <testcase classname="submitleda.AlunoControllerSpec" name="Test the update action performs an update on a valid domain instance" time="0.373">
    <error message="Cannot get property &apos;id&apos; on null object" type="java.lang.NullPointerException">java.lang.NullPointerException: Cannot get property &apos;id&apos; on null object
	at submitleda.AlunoControllerSpec.Test the update action performs an update on a valid domain instance(AlunoControllerSpec.groovy:122)
</error>
  </testcase>
  <testcase classname="submitleda.AlunoControllerSpec" name="Test that the delete action deletes an instance if it exists" time="0.149">
    <failure message="Condition not satisfied:&#xa;&#xa;Aluno.count() == 1&#xa;      |       |&#xa;      0       false&#xa;" type="junit.framework.AssertionFailedError">junit.framework.AssertionFailedError: Condition not satisfied:

Aluno.count() == 1
      |       |
      0       false

	at submitleda.AlunoControllerSpec.Test that the delete action deletes an instance if it exists(AlunoControllerSpec.groovy:142)
</failure>
  </testcase>
  <system-out><![CDATA[--Output from Test the index action returns the correct model--
--Output from Test the create action returns the correct model--
--Output from Test the save action correctly persists an instance--
--Output from Test that the show action returns the correct model--
--Output from Test that the edit action returns the correct model--
--Output from Test the update action performs an update on a valid domain instance--
--Output from Test that the delete action deletes an instance if it exists--
]]></system-out>
  <system-err><![CDATA[--Output from Test the index action returns the correct model--
--Output from Test the create action returns the correct model--
--Output from Test the save action correctly persists an instance--
--Output from Test that the show action returns the correct model--
--Output from Test that the edit action returns the correct model--
--Output from Test the update action performs an update on a valid domain instance--
--Output from Test that the delete action deletes an instance if it exists--
]]></system-err>
</testsuite>
