<?xml version="1.0" encoding="UTF-8" ?>
<testsuite errors="1" failures="2" hostname="PauloCésar" name="submitleda.TurmaControllerSpec" skipped="0" tests="7" time="1.035" timestamp="2016-03-29T04:14:41">
  <properties />
  <testcase classname="submitleda.TurmaControllerSpec" name="Test the index action returns the correct model" time="0.478" />
  <testcase classname="submitleda.TurmaControllerSpec" name="Test the create action returns the correct model" time="0.057" />
  <testcase classname="submitleda.TurmaControllerSpec" name="Test the save action correctly persists an instance" time="0.078">
    <failure message="Condition not satisfied:&#xa;&#xa;response.redirectedUrl == &apos;/turma/show/1&apos;&#xa;|        |             |&#xa;|        null          false&#xa;org.codehaus.groovy.grails.plugins.testing.GrailsMockHttpServletResponse@5950054d&#xa;" type="junit.framework.AssertionFailedError">junit.framework.AssertionFailedError: Condition not satisfied:

response.redirectedUrl == &apos;/turma/show/1&apos;
|        |             |
|        null          false
org.codehaus.groovy.grails.plugins.testing.GrailsMockHttpServletResponse@5950054d

	at submitleda.TurmaControllerSpec.Test the save action correctly persists an instance(TurmaControllerSpec.groovy:57)
</failure>
  </testcase>
  <testcase classname="submitleda.TurmaControllerSpec" name="Test that the show action returns the correct model" time="0.081" />
  <testcase classname="submitleda.TurmaControllerSpec" name="Test that the edit action returns the correct model" time="0.071" />
  <testcase classname="submitleda.TurmaControllerSpec" name="Test the update action performs an update on a valid domain instance" time="0.18">
    <error message="Cannot get property &apos;id&apos; on null object" type="java.lang.NullPointerException">java.lang.NullPointerException: Cannot get property &apos;id&apos; on null object
	at submitleda.TurmaControllerSpec.Test the update action performs an update on a valid domain instance(TurmaControllerSpec.groovy:122)
</error>
  </testcase>
  <testcase classname="submitleda.TurmaControllerSpec" name="Test that the delete action deletes an instance if it exists" time="0.074">
    <failure message="Condition not satisfied:&#xa;&#xa;Turma.count() == 1&#xa;      |       |&#xa;      0       false&#xa;" type="junit.framework.AssertionFailedError">junit.framework.AssertionFailedError: Condition not satisfied:

Turma.count() == 1
      |       |
      0       false

	at submitleda.TurmaControllerSpec.Test that the delete action deletes an instance if it exists(TurmaControllerSpec.groovy:142)
</failure>
  </testcase>
  <system-out><![CDATA[--Output from Test the index action returns the correct model--
--Output from Test the create action returns the correct model--
--Output from Test the save action correctly persists an instance--
--Output from Test that the show action returns the correct model--
--Output from Test that the edit action returns the correct model--
--Output from Test the update action performs an update on a valid domain instance--
--Output from Test that the delete action deletes an instance if it exists--
]]></system-out>
  <system-err><![CDATA[--Output from Test the index action returns the correct model--
--Output from Test the create action returns the correct model--
--Output from Test the save action correctly persists an instance--
--Output from Test that the show action returns the correct model--
--Output from Test that the edit action returns the correct model--
--Output from Test the update action performs an update on a valid domain instance--
--Output from Test that the delete action deletes an instance if it exists--
]]></system-err>
</testsuite>
