Testsuite: submitleda.TurmaControllerSpec
Tests run: 7, Failures: 2, Errors: 1, Skipped: 0, Time elapsed: 1,035 sec
------------- Standard Output ---------------
--Output from Test the index action returns the correct model--
--Output from Test the create action returns the correct model--
--Output from Test the save action correctly persists an instance--
--Output from Test that the show action returns the correct model--
--Output from Test that the edit action returns the correct model--
--Output from Test the update action performs an update on a valid domain instance--
--Output from Test that the delete action deletes an instance if it exists--
------------- ---------------- ---------------
------------- Standard Error -----------------
--Output from Test the index action returns the correct model--
--Output from Test the create action returns the correct model--
--Output from Test the save action correctly persists an instance--
--Output from Test that the show action returns the correct model--
--Output from Test that the edit action returns the correct model--
--Output from Test the update action performs an update on a valid domain instance--
--Output from Test that the delete action deletes an instance if it exists--
------------- ---------------- ---------------

Testcase: Test the index action returns the correct model took 0,478 sec
Testcase: Test the create action returns the correct model took 0,057 sec
Testcase: Test the save action correctly persists an instance took 0,078 sec
	FAILED
Condition not satisfied:

response.redirectedUrl == '/turma/show/1'
|        |             |
|        null          false
org.codehaus.groovy.grails.plugins.testing.GrailsMockHttpServletResponse@5950054d

junit.framework.AssertionFailedError: Condition not satisfied:

response.redirectedUrl == '/turma/show/1'
|        |             |
|        null          false
org.codehaus.groovy.grails.plugins.testing.GrailsMockHttpServletResponse@5950054d

	at submitleda.TurmaControllerSpec.Test the save action correctly persists an instance(TurmaControllerSpec.groovy:57)

Testcase: Test that the show action returns the correct model took 0,081 sec
Testcase: Test that the edit action returns the correct model took 0,071 sec
Testcase: Test the update action performs an update on a valid domain instance took 0,18 sec
	Caused an ERROR
Cannot get property 'id' on null object
java.lang.NullPointerException: Cannot get property 'id' on null object
	at submitleda.TurmaControllerSpec.Test the update action performs an update on a valid domain instance(TurmaControllerSpec.groovy:122)

Testcase: Test that the delete action deletes an instance if it exists took 0,074 sec
	FAILED
Condition not satisfied:

Turma.count() == 1
      |       |
      0       false

junit.framework.AssertionFailedError: Condition not satisfied:

Turma.count() == 1
      |       |
      0       false

	at submitleda.TurmaControllerSpec.Test that the delete action deletes an instance if it exists(TurmaControllerSpec.groovy:142)

